2024-11-26 13:38:00,720 UAV moved to passage 504. Estimates can now be obtained for edge 0, 504.
2024-11-26 13:38:00,721 AI queried for edge 0, 504. The estimate was 0.11920292202211755.
2024-11-26 13:38:00,766 UAV moved to passage 645. Estimates can now be obtained for edge 504, 645.
2024-11-26 13:38:00,766 AI queried for edge 504, 645. The estimate was 0.10949770331923316.
2024-11-26 13:38:00,766 UGV moved to passage 504.
2024-11-26 13:38:00,810 UAV moved to passage 856. Estimates can now be obtained for edge 856, 645.
2024-11-26 13:38:00,810 AI queried for edge 856, 645. The estimate was 0.8044510196274675.
2024-11-26 13:38:00,821 UGV moved to passage 645.
2024-11-26 13:38:00,867 UAV moved to passage 226. Estimates can now be obtained for edge 226, 856.
2024-11-26 13:38:00,867 AI queried for edge 226, 856. The estimate was 0.09006782478684552.
2024-11-26 13:38:00,869 UGV moved to passage 856.
2024-11-26 13:38:00,914 UAV moved to passage 204. Estimates can now be obtained for edge 204, 226.
2024-11-26 13:38:00,914 AI queried for edge 204, 226. The estimate was 0.5448212464994867.
2024-11-26 13:38:00,915 UGV moved to passage 226.
2024-11-26 13:38:00,963 UAV moved to passage 924. Estimates can now be obtained for edge 204, 924.
2024-11-26 13:38:00,963 AI queried for edge 204, 924. The estimate was 0.14297937813771922.
2024-11-26 13:38:00,964 UGV moved to passage 204.
2024-11-26 13:38:01,013 UAV moved to passage 651. Estimates can now be obtained for edge 924, 651.
2024-11-26 13:38:01,013 AI queried for edge 924, 651. The estimate was 0.5809453672101977.
2024-11-26 13:38:01,014 UGV moved to passage 924.
2024-11-26 13:38:01,051 UAV moved to passage 677. Estimates can now be obtained for edge 651, 677.
2024-11-26 13:38:01,051 AI queried for edge 651, 677. The estimate was 0.9711366168419743.
2024-11-26 13:38:01,052 UGV moved to passage 651.
2024-11-26 13:38:01,090 UAV moved to passage 495. Estimates can now be obtained for edge 495, 677.
2024-11-26 13:38:01,090 AI queried for edge 495, 677. The estimate was 0.6225718285943045.
2024-11-26 13:38:01,092 Landmine detected along edge 651, 677. UGV returned to orginal passageway. Move UGV again to clear landmine and complete traversal.
2024-11-26 13:38:01,093 Landmine cleared. UGV moved to passage 677.
2024-11-26 13:38:01,133 UAV moved to passage 375. Estimates can now be obtained for edge 375, 495.
2024-11-26 13:38:01,133 AI queried for edge 375, 495. The estimate was 0.24889416364645048.
2024-11-26 13:38:01,133 UGV moved to passage 495.
2024-11-26 13:38:01,173 UAV moved to passage 703. Estimates can now be obtained for edge 375, 703.
2024-11-26 13:38:01,173 AI queried for edge 375, 703. The estimate was 0.19321783252648222.
2024-11-26 13:38:01,175 UGV moved to passage 375.
2024-11-26 13:38:01,212 UAV moved to passage 459. Estimates can now be obtained for edge 459, 703.
2024-11-26 13:38:01,212 AI queried for edge 459, 703. The estimate was 0.24907639663509065.
2024-11-26 13:38:01,213 UGV moved to passage 703.
2024-11-26 13:38:01,255 UGV moved to passage 459.
2024-11-26 13:38:01,255 MISSION SUCCESS
