2024-11-26 15:03:31,329 UAV moved to passage 718. Estimates can now be obtained for edge 0, 718.
2024-11-26 15:03:31,329 AI queried for edge 0, 718. The estimate was 0.836948184067285.
2024-11-26 15:03:31,361 UAV moved to passage 472. Estimates can now be obtained for edge 472, 718.
2024-11-26 15:03:31,361 AI queried for edge 472, 718. The estimate was 0.12028317252904687.
2024-11-26 15:03:31,361 Landmine detected along edge 0, 718. UGV returned to orginal passageway. Move UGV again to clear landmine and complete traversal.
2024-11-26 15:03:31,369 Landmine cleared. UGV moved to passage 718.
2024-11-26 15:03:31,420 UAV moved to passage 189. Estimates can now be obtained for edge 472, 189.
2024-11-26 15:03:31,420 AI queried for edge 472, 189. The estimate was 0.09464516439689531.
2024-11-26 15:03:31,426 UGV moved to passage 472.
2024-11-26 15:03:31,466 UAV moved to passage 678. Estimates can now be obtained for edge 189, 678.
2024-11-26 15:03:31,466 AI queried for edge 189, 678. The estimate was 0.6200573256813426.
2024-11-26 15:03:31,466 UGV moved to passage 189.
2024-11-26 15:03:31,514 UAV moved to passage 346. Estimates can now be obtained for edge 346, 678.
2024-11-26 15:03:31,514 AI queried for edge 346, 678. The estimate was 0.18200494943357345.
2024-11-26 15:03:31,514 UGV moved to passage 678.
2024-11-26 15:03:31,554 UAV moved to passage 171. Estimates can now be obtained for edge 346, 171.
2024-11-26 15:03:31,562 AI queried for edge 346, 171. The estimate was 0.054298457615155886.
2024-11-26 15:03:31,562 UGV moved to passage 346.
2024-11-26 15:03:31,602 UAV moved to passage 990. Estimates can now be obtained for edge 171, 990.
2024-11-26 15:03:31,602 AI queried for edge 171, 990. The estimate was 0.11279214613037383.
2024-11-26 15:03:31,602 UGV moved to passage 171.
2024-11-26 15:03:31,644 UAV moved to passage 706. Estimates can now be obtained for edge 990, 706.
2024-11-26 15:03:31,644 AI queried for edge 990, 706. The estimate was 0.8147933307681877.
2024-11-26 15:03:31,644 UGV moved to passage 990.
2024-11-26 15:03:31,756 UAV moved to passage 619. Estimates can now be obtained for edge 619, 706.
2024-11-26 15:03:31,757 AI queried for edge 619, 706. The estimate was 0.09580251512289283.
2024-11-26 15:03:31,757 Landmine detected along edge 990, 706. UGV returned to orginal passageway. Move UGV again to clear landmine and complete traversal.
2024-11-26 15:03:31,758 Landmine cleared. UGV moved to passage 706.
2024-11-26 15:03:31,794 UAV moved to passage 635. Estimates can now be obtained for edge 619, 635.
2024-11-26 15:03:31,794 AI queried for edge 619, 635. The estimate was 0.09505440453363505.
2024-11-26 15:03:31,796 UGV moved to passage 619.
2024-11-26 15:03:31,844 UAV moved to passage 267. Estimates can now be obtained for edge 267, 635.
2024-11-26 15:03:31,844 AI queried for edge 267, 635. The estimate was 0.8080097629093338.
2024-11-26 15:03:31,844 UGV moved to passage 635.
2024-11-26 15:03:31,884 UAV moved to passage 459. Estimates can now be obtained for edge 267, 459.
2024-11-26 15:03:31,884 AI queried for edge 267, 459. The estimate was 0.22338339401768093.
2024-11-26 15:03:31,884 Landmine detected along edge 635, 267. UGV returned to orginal passageway. Move UGV again to clear landmine and complete traversal.
2024-11-26 15:03:31,884 Landmine cleared. UGV moved to passage 267.
2024-11-26 15:03:31,921 UGV moved to passage 459.
2024-11-26 15:03:31,921 MISSION SUCCESS
