2024-11-26 16:09:23,998 UAV moved to passage 504. Estimates can now be obtained for edge 0, 504.
2024-11-26 16:09:23,998 AI queried for edge 0, 504. The estimate was 0.11920292202211755.
2024-11-26 16:09:24,047 UAV moved to passage 645. Estimates can now be obtained for edge 504, 645.
2024-11-26 16:09:24,047 AI queried for edge 504, 645. The estimate was 0.10949770331923316.
2024-11-26 16:09:24,055 UGV moved to passage 504.
2024-11-26 16:09:24,130 UAV moved to passage 856. Estimates can now be obtained for edge 856, 645.
2024-11-26 16:09:24,130 AI queried for edge 856, 645. The estimate was 0.8044510196274675.
2024-11-26 16:09:24,130 UGV moved to passage 645.
2024-11-26 16:09:24,210 UAV moved to passage 226. Estimates can now be obtained for edge 226, 856.
2024-11-26 16:09:24,210 AI queried for edge 226, 856. The estimate was 0.09006782478684552.
2024-11-26 16:09:24,210 UGV moved to passage 856.
2024-11-26 16:09:24,290 UAV moved to passage 204. Estimates can now be obtained for edge 204, 226.
2024-11-26 16:09:24,293 AI queried for edge 204, 226. The estimate was 0.5448212464994867.
2024-11-26 16:09:24,294 UGV moved to passage 226.
2024-11-26 16:09:24,371 UAV moved to passage 924. Estimates can now be obtained for edge 204, 924.
2024-11-26 16:09:24,371 AI queried for edge 204, 924. The estimate was 0.14297937813771922.
2024-11-26 16:09:24,373 UGV moved to passage 204.
2024-11-26 16:09:24,445 UAV moved to passage 651. Estimates can now be obtained for edge 924, 651.
2024-11-26 16:09:24,446 AI queried for edge 924, 651. The estimate was 0.5809453672101977.
2024-11-26 16:09:24,446 UGV moved to passage 924.
2024-11-26 16:09:24,510 UAV moved to passage 677. Estimates can now be obtained for edge 651, 677.
2024-11-26 16:09:24,510 AI queried for edge 651, 677. The estimate was 0.9711366168419743.
2024-11-26 16:09:24,510 UGV moved to passage 651.
2024-11-26 16:09:24,578 UAV moved to passage 495. Estimates can now be obtained for edge 495, 677.
2024-11-26 16:09:24,578 AI queried for edge 495, 677. The estimate was 0.6225718285943045.
2024-11-26 16:09:24,578 Landmine detected along edge 651, 677. UGV returned to orginal passageway. Move UGV again to clear landmine and complete traversal.
2024-11-26 16:09:24,578 Landmine cleared. UGV moved to passage 677.
2024-11-26 16:09:24,650 UAV moved to passage 375. Estimates can now be obtained for edge 375, 495.
2024-11-26 16:09:24,650 AI queried for edge 375, 495. The estimate was 0.24889416364645048.
2024-11-26 16:09:24,650 UGV moved to passage 495.
2024-11-26 16:09:24,712 UAV moved to passage 703. Estimates can now be obtained for edge 375, 703.
2024-11-26 16:09:24,713 AI queried for edge 375, 703. The estimate was 0.19321783252648222.
2024-11-26 16:09:24,714 UGV moved to passage 375.
2024-11-26 16:09:24,773 UAV moved to passage 459. Estimates can now be obtained for edge 459, 703.
2024-11-26 16:09:24,773 AI queried for edge 459, 703. The estimate was 0.24907639663509065.
2024-11-26 16:09:24,773 UGV moved to passage 703.
2024-11-26 16:09:24,832 UGV moved to passage 459.
2024-11-26 16:09:24,832 MISSION SUCCESS
